{"timestamp":"2026-02-13T11:44:38.915884Z","level":"info","event":"Filling up the DagBag from /opt/airflow/dags/6_parallel_tasks.py","logger":"airflow.models.dagbag.BundleDagBag","filename":"dagbag.py","lineno":593}
{"timestamp":"2026-02-13T11:44:38.938840Z","level":"error","event":"Failed to import: /opt/airflow/dags/6_parallel_tasks.py","logger":"airflow.models.dagbag.BundleDagBag","filename":"dagbag.py","lineno":415,"error_detail":[{"exc_type":"SyntaxError","exc_value":"'(' was never closed (6_parallel_tasks.py, line 48)","exc_notes":[],"syntax_error":{"offset":14,"filename":"/opt/airflow/dags/6_parallel_tasks.py","line":"        print(\"Transformed API Data:\", transformed_api_data\n","lineno":48,"msg":"'(' was never closed"},"is_cause":false,"frames":[{"filename":"/home/airflow/.local/lib/python3.12/site-packages/airflow/models/dagbag.py","lineno":405,"name":"parse"},{"filename":"<frozen importlib._bootstrap_external>","lineno":995,"name":"exec_module"},{"filename":"<frozen importlib._bootstrap_external>","lineno":1133,"name":"get_code"},{"filename":"<frozen importlib._bootstrap_external>","lineno":1063,"name":"source_to_code"},{"filename":"<frozen importlib._bootstrap>","lineno":488,"name":"_call_with_frames_removed"}],"is_group":false,"exceptions":[]}]}
{"timestamp":"2026-02-13T11:44:40.135880Z","level":"info","event":"Filling up the DagBag from /opt/airflow/dags/6_parallel_tasks.py","logger":"airflow.models.dagbag.BundleDagBag","filename":"dagbag.py","lineno":593}
{"timestamp":"2026-02-13T11:44:40.174772Z","level":"error","event":"Failed to import: /opt/airflow/dags/6_parallel_tasks.py","logger":"airflow.models.dagbag.BundleDagBag","filename":"dagbag.py","lineno":415,"error_detail":[{"exc_type":"AttributeError","exc_value":"task decorator 'pythoh' not found","exc_notes":[],"syntax_error":null,"is_cause":false,"frames":[{"filename":"/home/airflow/.local/lib/python3.12/site-packages/airflow/models/dagbag.py","lineno":405,"name":"parse"},{"filename":"<frozen importlib._bootstrap_external>","lineno":999,"name":"exec_module"},{"filename":"<frozen importlib._bootstrap>","lineno":488,"name":"_call_with_frames_removed"},{"filename":"/opt/airflow/dags/6_parallel_tasks.py","lineno":57,"name":"<module>"},{"filename":"/home/airflow/.local/lib/python3.12/site-packages/airflow/sdk/definitions/dag.py","lineno":1557,"name":"factory"},{"filename":"/opt/airflow/dags/6_parallel_tasks.py","lineno":41,"name":"parallel_tasks_dag"},{"filename":"/home/airflow/.local/lib/python3.12/site-packages/airflow/sdk/definitions/decorators/__init__.py","lineno":52,"name":"__getattr__"}],"is_group":false,"exceptions":[]}]}
{"timestamp":"2026-02-13T11:44:45.951286Z","level":"info","event":"Filling up the DagBag from /opt/airflow/dags/6_parallel_tasks.py","logger":"airflow.models.dagbag.BundleDagBag","filename":"dagbag.py","lineno":593}
{"timestamp":"2026-02-13T11:44:45.978621Z","level":"error","event":"Failed to import: /opt/airflow/dags/6_parallel_tasks.py","logger":"airflow.models.dagbag.BundleDagBag","filename":"dagbag.py","lineno":415,"error_detail":[{"exc_type":"AttributeError","exc_value":"task decorator 'pythoh' not found","exc_notes":[],"syntax_error":null,"is_cause":false,"frames":[{"filename":"/home/airflow/.local/lib/python3.12/site-packages/airflow/models/dagbag.py","lineno":405,"name":"parse"},{"filename":"<frozen importlib._bootstrap_external>","lineno":999,"name":"exec_module"},{"filename":"<frozen importlib._bootstrap>","lineno":488,"name":"_call_with_frames_removed"},{"filename":"/opt/airflow/dags/6_parallel_tasks.py","lineno":59,"name":"<module>"},{"filename":"/home/airflow/.local/lib/python3.12/site-packages/airflow/sdk/definitions/dag.py","lineno":1557,"name":"factory"},{"filename":"/opt/airflow/dags/6_parallel_tasks.py","lineno":41,"name":"parallel_tasks_dag"},{"filename":"/home/airflow/.local/lib/python3.12/site-packages/airflow/sdk/definitions/decorators/__init__.py","lineno":52,"name":"__getattr__"}],"is_group":false,"exceptions":[]}]}
{"timestamp":"2026-02-13T11:44:48.190090Z","level":"info","event":"Filling up the DagBag from /opt/airflow/dags/6_parallel_tasks.py","logger":"airflow.models.dagbag.BundleDagBag","filename":"dagbag.py","lineno":593}
{"timestamp":"2026-02-13T11:44:48.223756Z","level":"error","event":"Failed to import: /opt/airflow/dags/6_parallel_tasks.py","logger":"airflow.models.dagbag.BundleDagBag","filename":"dagbag.py","lineno":415,"error_detail":[{"exc_type":"AttributeError","exc_value":"task decorator 'pythoh' not found","exc_notes":[],"syntax_error":null,"is_cause":false,"frames":[{"filename":"/home/airflow/.local/lib/python3.12/site-packages/airflow/models/dagbag.py","lineno":405,"name":"parse"},{"filename":"<frozen importlib._bootstrap_external>","lineno":999,"name":"exec_module"},{"filename":"<frozen importlib._bootstrap>","lineno":488,"name":"_call_with_frames_removed"},{"filename":"/opt/airflow/dags/6_parallel_tasks.py","lineno":59,"name":"<module>"},{"filename":"/home/airflow/.local/lib/python3.12/site-packages/airflow/sdk/definitions/dag.py","lineno":1557,"name":"factory"},{"filename":"/opt/airflow/dags/6_parallel_tasks.py","lineno":41,"name":"parallel_tasks_dag"},{"filename":"/home/airflow/.local/lib/python3.12/site-packages/airflow/sdk/definitions/decorators/__init__.py","lineno":52,"name":"__getattr__"}],"is_group":false,"exceptions":[]}]}
{"timestamp":"2026-02-13T11:44:49.387304Z","level":"info","event":"Filling up the DagBag from /opt/airflow/dags/6_parallel_tasks.py","logger":"airflow.models.dagbag.BundleDagBag","filename":"dagbag.py","lineno":593}
{"timestamp":"2026-02-13T11:44:49.418824Z","level":"error","event":"Failed to import: /opt/airflow/dags/6_parallel_tasks.py","logger":"airflow.models.dagbag.BundleDagBag","filename":"dagbag.py","lineno":415,"error_detail":[{"exc_type":"AttributeError","exc_value":"task decorator 'pythoh' not found","exc_notes":[],"syntax_error":null,"is_cause":false,"frames":[{"filename":"/home/airflow/.local/lib/python3.12/site-packages/airflow/models/dagbag.py","lineno":405,"name":"parse"},{"filename":"<frozen importlib._bootstrap_external>","lineno":999,"name":"exec_module"},{"filename":"<frozen importlib._bootstrap>","lineno":488,"name":"_call_with_frames_removed"},{"filename":"/opt/airflow/dags/6_parallel_tasks.py","lineno":59,"name":"<module>"},{"filename":"/home/airflow/.local/lib/python3.12/site-packages/airflow/sdk/definitions/dag.py","lineno":1557,"name":"factory"},{"filename":"/opt/airflow/dags/6_parallel_tasks.py","lineno":41,"name":"parallel_tasks_dag"},{"filename":"/home/airflow/.local/lib/python3.12/site-packages/airflow/sdk/definitions/decorators/__init__.py","lineno":52,"name":"__getattr__"}],"is_group":false,"exceptions":[]}]}
{"timestamp":"2026-02-13T11:44:55.721629Z","level":"info","event":"Filling up the DagBag from /opt/airflow/dags/6_parallel_tasks.py","logger":"airflow.models.dagbag.BundleDagBag","filename":"dagbag.py","lineno":593}
{"timestamp":"2026-02-13T11:44:55.754613Z","level":"error","event":"Failed to import: /opt/airflow/dags/6_parallel_tasks.py","logger":"airflow.models.dagbag.BundleDagBag","filename":"dagbag.py","lineno":415,"error_detail":[{"exc_type":"AttributeError","exc_value":"task decorator 'pythoh' not found","exc_notes":[],"syntax_error":null,"is_cause":false,"frames":[{"filename":"/home/airflow/.local/lib/python3.12/site-packages/airflow/models/dagbag.py","lineno":405,"name":"parse"},{"filename":"<frozen importlib._bootstrap_external>","lineno":999,"name":"exec_module"},{"filename":"<frozen importlib._bootstrap>","lineno":488,"name":"_call_with_frames_removed"},{"filename":"/opt/airflow/dags/6_parallel_tasks.py","lineno":60,"name":"<module>"},{"filename":"/home/airflow/.local/lib/python3.12/site-packages/airflow/sdk/definitions/dag.py","lineno":1557,"name":"factory"},{"filename":"/opt/airflow/dags/6_parallel_tasks.py","lineno":41,"name":"parallel_tasks_dag"},{"filename":"/home/airflow/.local/lib/python3.12/site-packages/airflow/sdk/definitions/decorators/__init__.py","lineno":52,"name":"__getattr__"}],"is_group":false,"exceptions":[]}]}
{"timestamp":"2026-02-13T11:45:01.196911Z","level":"info","event":"Filling up the DagBag from /opt/airflow/dags/6_parallel_tasks.py","logger":"airflow.models.dagbag.BundleDagBag","filename":"dagbag.py","lineno":593}
{"timestamp":"2026-02-13T11:45:01.227116Z","level":"error","event":"Failed to import: /opt/airflow/dags/6_parallel_tasks.py","logger":"airflow.models.dagbag.BundleDagBag","filename":"dagbag.py","lineno":415,"error_detail":[{"exc_type":"AttributeError","exc_value":"task decorator 'pythoh' not found","exc_notes":[],"syntax_error":null,"is_cause":false,"frames":[{"filename":"/home/airflow/.local/lib/python3.12/site-packages/airflow/models/dagbag.py","lineno":405,"name":"parse"},{"filename":"<frozen importlib._bootstrap_external>","lineno":999,"name":"exec_module"},{"filename":"<frozen importlib._bootstrap>","lineno":488,"name":"_call_with_frames_removed"},{"filename":"/opt/airflow/dags/6_parallel_tasks.py","lineno":60,"name":"<module>"},{"filename":"/home/airflow/.local/lib/python3.12/site-packages/airflow/sdk/definitions/dag.py","lineno":1557,"name":"factory"},{"filename":"/opt/airflow/dags/6_parallel_tasks.py","lineno":41,"name":"parallel_tasks_dag"},{"filename":"/home/airflow/.local/lib/python3.12/site-packages/airflow/sdk/definitions/decorators/__init__.py","lineno":52,"name":"__getattr__"}],"is_group":false,"exceptions":[]}]}
{"timestamp":"2026-02-13T11:45:02.284988Z","level":"info","event":"Filling up the DagBag from /opt/airflow/dags/6_parallel_tasks.py","logger":"airflow.models.dagbag.BundleDagBag","filename":"dagbag.py","lineno":593}
{"timestamp":"2026-02-13T11:45:02.304335Z","level":"error","event":"Failed to import: /opt/airflow/dags/6_parallel_tasks.py","logger":"airflow.models.dagbag.BundleDagBag","filename":"dagbag.py","lineno":415,"error_detail":[{"exc_type":"AttributeError","exc_value":"task decorator 'pythoh' not found","exc_notes":[],"syntax_error":null,"is_cause":false,"frames":[{"filename":"/home/airflow/.local/lib/python3.12/site-packages/airflow/models/dagbag.py","lineno":405,"name":"parse"},{"filename":"<frozen importlib._bootstrap_external>","lineno":999,"name":"exec_module"},{"filename":"<frozen importlib._bootstrap>","lineno":488,"name":"_call_with_frames_removed"},{"filename":"/opt/airflow/dags/6_parallel_tasks.py","lineno":60,"name":"<module>"},{"filename":"/home/airflow/.local/lib/python3.12/site-packages/airflow/sdk/definitions/dag.py","lineno":1557,"name":"factory"},{"filename":"/opt/airflow/dags/6_parallel_tasks.py","lineno":41,"name":"parallel_tasks_dag"},{"filename":"/home/airflow/.local/lib/python3.12/site-packages/airflow/sdk/definitions/decorators/__init__.py","lineno":52,"name":"__getattr__"}],"is_group":false,"exceptions":[]}]}
{"timestamp":"2026-02-13T11:45:11.741695Z","level":"info","event":"Filling up the DagBag from /opt/airflow/dags/6_parallel_tasks.py","logger":"airflow.models.dagbag.BundleDagBag","filename":"dagbag.py","lineno":593}
{"timestamp":"2026-02-13T11:45:11.786594Z","level":"error","event":"Failed to import: /opt/airflow/dags/6_parallel_tasks.py","logger":"airflow.models.dagbag.BundleDagBag","filename":"dagbag.py","lineno":415,"error_detail":[{"exc_type":"AttributeError","exc_value":"task decorator 'pytho' not found","exc_notes":[],"syntax_error":null,"is_cause":false,"frames":[{"filename":"/home/airflow/.local/lib/python3.12/site-packages/airflow/models/dagbag.py","lineno":405,"name":"parse"},{"filename":"<frozen importlib._bootstrap_external>","lineno":999,"name":"exec_module"},{"filename":"<frozen importlib._bootstrap>","lineno":488,"name":"_call_with_frames_removed"},{"filename":"/opt/airflow/dags/6_parallel_tasks.py","lineno":60,"name":"<module>"},{"filename":"/home/airflow/.local/lib/python3.12/site-packages/airflow/sdk/definitions/dag.py","lineno":1557,"name":"factory"},{"filename":"/opt/airflow/dags/6_parallel_tasks.py","lineno":41,"name":"parallel_tasks_dag"},{"filename":"/home/airflow/.local/lib/python3.12/site-packages/airflow/sdk/definitions/decorators/__init__.py","lineno":52,"name":"__getattr__"}],"is_group":false,"exceptions":[]}]}
{"timestamp":"2026-02-13T11:45:13.049285Z","level":"info","event":"Filling up the DagBag from /opt/airflow/dags/6_parallel_tasks.py","logger":"airflow.models.dagbag.BundleDagBag","filename":"dagbag.py","lineno":593}
{"timestamp":"2026-02-13T11:45:16.888754Z","level":"info","event":"Filling up the DagBag from /opt/airflow/dags/6_parallel_tasks.py","logger":"airflow.models.dagbag.BundleDagBag","filename":"dagbag.py","lineno":593}
{"timestamp":"2026-02-13T11:45:17.022462Z","level":"info","event":"Filling up the DagBag from /opt/airflow/dags/6_parallel_tasks.py","logger":"airflow.models.dagbag.BundleDagBag","filename":"dagbag.py","lineno":593}
{"timestamp":"2026-02-13T11:45:25.319225Z","level":"info","event":"Filling up the DagBag from /opt/airflow/dags/6_parallel_tasks.py","logger":"airflow.models.dagbag.BundleDagBag","filename":"dagbag.py","lineno":593}
{"timestamp":"2026-02-13T11:45:55.884797Z","level":"info","event":"Filling up the DagBag from /opt/airflow/dags/6_parallel_tasks.py","logger":"airflow.models.dagbag.BundleDagBag","filename":"dagbag.py","lineno":593}
{"timestamp":"2026-02-13T11:46:27.016904Z","level":"info","event":"Filling up the DagBag from /opt/airflow/dags/6_parallel_tasks.py","logger":"airflow.models.dagbag.BundleDagBag","filename":"dagbag.py","lineno":593}
{"timestamp":"2026-02-13T11:46:58.121083Z","level":"info","event":"Filling up the DagBag from /opt/airflow/dags/6_parallel_tasks.py","logger":"airflow.models.dagbag.BundleDagBag","filename":"dagbag.py","lineno":593}
{"timestamp":"2026-02-13T11:47:29.189298Z","level":"info","event":"Filling up the DagBag from /opt/airflow/dags/6_parallel_tasks.py","logger":"airflow.models.dagbag.BundleDagBag","filename":"dagbag.py","lineno":593}
{"timestamp":"2026-02-13T11:48:00.192044Z","level":"info","event":"Filling up the DagBag from /opt/airflow/dags/6_parallel_tasks.py","logger":"airflow.models.dagbag.BundleDagBag","filename":"dagbag.py","lineno":593}
{"timestamp":"2026-02-13T11:48:31.306260Z","level":"info","event":"Filling up the DagBag from /opt/airflow/dags/6_parallel_tasks.py","logger":"airflow.models.dagbag.BundleDagBag","filename":"dagbag.py","lineno":593}
{"timestamp":"2026-02-13T11:49:01.552622Z","level":"info","event":"Filling up the DagBag from /opt/airflow/dags/6_parallel_tasks.py","logger":"airflow.models.dagbag.BundleDagBag","filename":"dagbag.py","lineno":593}
{"timestamp":"2026-02-13T11:49:32.551792Z","level":"info","event":"Filling up the DagBag from /opt/airflow/dags/6_parallel_tasks.py","logger":"airflow.models.dagbag.BundleDagBag","filename":"dagbag.py","lineno":593}
{"timestamp":"2026-02-13T11:50:03.716827Z","level":"info","event":"Filling up the DagBag from /opt/airflow/dags/6_parallel_tasks.py","logger":"airflow.models.dagbag.BundleDagBag","filename":"dagbag.py","lineno":593}
{"timestamp":"2026-02-13T11:50:34.748709Z","level":"info","event":"Filling up the DagBag from /opt/airflow/dags/6_parallel_tasks.py","logger":"airflow.models.dagbag.BundleDagBag","filename":"dagbag.py","lineno":593}
{"timestamp":"2026-02-13T11:51:05.808080Z","level":"info","event":"Filling up the DagBag from /opt/airflow/dags/6_parallel_tasks.py","logger":"airflow.models.dagbag.BundleDagBag","filename":"dagbag.py","lineno":593}
{"timestamp":"2026-02-13T11:51:36.000521Z","level":"info","event":"Filling up the DagBag from /opt/airflow/dags/6_parallel_tasks.py","logger":"airflow.models.dagbag.BundleDagBag","filename":"dagbag.py","lineno":593}
{"timestamp":"2026-02-13T11:52:06.986358Z","level":"info","event":"Filling up the DagBag from /opt/airflow/dags/6_parallel_tasks.py","logger":"airflow.models.dagbag.BundleDagBag","filename":"dagbag.py","lineno":593}
{"timestamp":"2026-02-13T11:52:38.030653Z","level":"info","event":"Filling up the DagBag from /opt/airflow/dags/6_parallel_tasks.py","logger":"airflow.models.dagbag.BundleDagBag","filename":"dagbag.py","lineno":593}
{"timestamp":"2026-02-13T11:53:09.095194Z","level":"info","event":"Filling up the DagBag from /opt/airflow/dags/6_parallel_tasks.py","logger":"airflow.models.dagbag.BundleDagBag","filename":"dagbag.py","lineno":593}
{"timestamp":"2026-02-13T11:53:40.078259Z","level":"info","event":"Filling up the DagBag from /opt/airflow/dags/6_parallel_tasks.py","logger":"airflow.models.dagbag.BundleDagBag","filename":"dagbag.py","lineno":593}
{"timestamp":"2026-02-13T11:54:10.373282Z","level":"info","event":"Filling up the DagBag from /opt/airflow/dags/6_parallel_tasks.py","logger":"airflow.models.dagbag.BundleDagBag","filename":"dagbag.py","lineno":593}
{"timestamp":"2026-02-13T11:54:40.871328Z","level":"info","event":"Filling up the DagBag from /opt/airflow/dags/6_parallel_tasks.py","logger":"airflow.models.dagbag.BundleDagBag","filename":"dagbag.py","lineno":593}
{"timestamp":"2026-02-13T11:55:11.387678Z","level":"info","event":"Filling up the DagBag from /opt/airflow/dags/6_parallel_tasks.py","logger":"airflow.models.dagbag.BundleDagBag","filename":"dagbag.py","lineno":593}
{"timestamp":"2026-02-13T11:55:41.732966Z","level":"info","event":"Filling up the DagBag from /opt/airflow/dags/6_parallel_tasks.py","logger":"airflow.models.dagbag.BundleDagBag","filename":"dagbag.py","lineno":593}
{"timestamp":"2026-02-13T11:56:12.694589Z","level":"info","event":"Filling up the DagBag from /opt/airflow/dags/6_parallel_tasks.py","logger":"airflow.models.dagbag.BundleDagBag","filename":"dagbag.py","lineno":593}
{"timestamp":"2026-02-13T11:56:43.797221Z","level":"info","event":"Filling up the DagBag from /opt/airflow/dags/6_parallel_tasks.py","logger":"airflow.models.dagbag.BundleDagBag","filename":"dagbag.py","lineno":593}
{"timestamp":"2026-02-13T11:57:14.651753Z","level":"info","event":"Filling up the DagBag from /opt/airflow/dags/6_parallel_tasks.py","logger":"airflow.models.dagbag.BundleDagBag","filename":"dagbag.py","lineno":593}
{"timestamp":"2026-02-13T11:57:45.300251Z","level":"info","event":"Filling up the DagBag from /opt/airflow/dags/6_parallel_tasks.py","logger":"airflow.models.dagbag.BundleDagBag","filename":"dagbag.py","lineno":593}
{"timestamp":"2026-02-13T11:58:15.733462Z","level":"info","event":"Filling up the DagBag from /opt/airflow/dags/6_parallel_tasks.py","logger":"airflow.models.dagbag.BundleDagBag","filename":"dagbag.py","lineno":593}
{"timestamp":"2026-02-13T11:58:46.831974Z","level":"info","event":"Filling up the DagBag from /opt/airflow/dags/6_parallel_tasks.py","logger":"airflow.models.dagbag.BundleDagBag","filename":"dagbag.py","lineno":593}
{"timestamp":"2026-02-13T11:59:17.921006Z","level":"info","event":"Filling up the DagBag from /opt/airflow/dags/6_parallel_tasks.py","logger":"airflow.models.dagbag.BundleDagBag","filename":"dagbag.py","lineno":593}
{"timestamp":"2026-02-13T11:59:48.145260Z","level":"info","event":"Filling up the DagBag from /opt/airflow/dags/6_parallel_tasks.py","logger":"airflow.models.dagbag.BundleDagBag","filename":"dagbag.py","lineno":593}
{"timestamp":"2026-02-13T12:00:18.323404Z","level":"info","event":"Filling up the DagBag from /opt/airflow/dags/6_parallel_tasks.py","logger":"airflow.models.dagbag.BundleDagBag","filename":"dagbag.py","lineno":593}
{"timestamp":"2026-02-13T12:00:48.525225Z","level":"info","event":"Filling up the DagBag from /opt/airflow/dags/6_parallel_tasks.py","logger":"airflow.models.dagbag.BundleDagBag","filename":"dagbag.py","lineno":593}
{"timestamp":"2026-02-13T12:01:19.597199Z","level":"info","event":"Filling up the DagBag from /opt/airflow/dags/6_parallel_tasks.py","logger":"airflow.models.dagbag.BundleDagBag","filename":"dagbag.py","lineno":593}
{"timestamp":"2026-02-13T12:01:50.632514Z","level":"info","event":"Filling up the DagBag from /opt/airflow/dags/6_parallel_tasks.py","logger":"airflow.models.dagbag.BundleDagBag","filename":"dagbag.py","lineno":593}
{"timestamp":"2026-02-13T12:02:20.814977Z","level":"info","event":"Filling up the DagBag from /opt/airflow/dags/6_parallel_tasks.py","logger":"airflow.models.dagbag.BundleDagBag","filename":"dagbag.py","lineno":593}
{"timestamp":"2026-02-13T12:02:51.939442Z","level":"info","event":"Filling up the DagBag from /opt/airflow/dags/6_parallel_tasks.py","logger":"airflow.models.dagbag.BundleDagBag","filename":"dagbag.py","lineno":593}
{"timestamp":"2026-02-13T12:03:22.068551Z","level":"info","event":"Filling up the DagBag from /opt/airflow/dags/6_parallel_tasks.py","logger":"airflow.models.dagbag.BundleDagBag","filename":"dagbag.py","lineno":593}
{"timestamp":"2026-02-13T12:03:52.238661Z","level":"info","event":"Filling up the DagBag from /opt/airflow/dags/6_parallel_tasks.py","logger":"airflow.models.dagbag.BundleDagBag","filename":"dagbag.py","lineno":593}
{"timestamp":"2026-02-13T12:04:22.473585Z","level":"info","event":"Filling up the DagBag from /opt/airflow/dags/6_parallel_tasks.py","logger":"airflow.models.dagbag.BundleDagBag","filename":"dagbag.py","lineno":593}
{"timestamp":"2026-02-13T12:04:52.957990Z","level":"info","event":"Filling up the DagBag from /opt/airflow/dags/6_parallel_tasks.py","logger":"airflow.models.dagbag.BundleDagBag","filename":"dagbag.py","lineno":593}
{"timestamp":"2026-02-13T12:05:23.177625Z","level":"info","event":"Filling up the DagBag from /opt/airflow/dags/6_parallel_tasks.py","logger":"airflow.models.dagbag.BundleDagBag","filename":"dagbag.py","lineno":593}
{"timestamp":"2026-02-13T12:05:53.488965Z","level":"info","event":"Filling up the DagBag from /opt/airflow/dags/6_parallel_tasks.py","logger":"airflow.models.dagbag.BundleDagBag","filename":"dagbag.py","lineno":593}
{"timestamp":"2026-02-13T12:06:23.673537Z","level":"info","event":"Filling up the DagBag from /opt/airflow/dags/6_parallel_tasks.py","logger":"airflow.models.dagbag.BundleDagBag","filename":"dagbag.py","lineno":593}
{"timestamp":"2026-02-13T12:06:53.869620Z","level":"info","event":"Filling up the DagBag from /opt/airflow/dags/6_parallel_tasks.py","logger":"airflow.models.dagbag.BundleDagBag","filename":"dagbag.py","lineno":593}
{"timestamp":"2026-02-13T12:07:24.100753Z","level":"info","event":"Filling up the DagBag from /opt/airflow/dags/6_parallel_tasks.py","logger":"airflow.models.dagbag.BundleDagBag","filename":"dagbag.py","lineno":593}
{"timestamp":"2026-02-13T12:07:54.526118Z","level":"info","event":"Filling up the DagBag from /opt/airflow/dags/6_parallel_tasks.py","logger":"airflow.models.dagbag.BundleDagBag","filename":"dagbag.py","lineno":593}
{"timestamp":"2026-02-13T12:08:25.268798Z","level":"info","event":"Filling up the DagBag from /opt/airflow/dags/6_parallel_tasks.py","logger":"airflow.models.dagbag.BundleDagBag","filename":"dagbag.py","lineno":593}
{"timestamp":"2026-02-13T12:08:55.706534Z","level":"info","event":"Filling up the DagBag from /opt/airflow/dags/6_parallel_tasks.py","logger":"airflow.models.dagbag.BundleDagBag","filename":"dagbag.py","lineno":593}
{"timestamp":"2026-02-13T12:09:26.383146Z","level":"info","event":"Filling up the DagBag from /opt/airflow/dags/6_parallel_tasks.py","logger":"airflow.models.dagbag.BundleDagBag","filename":"dagbag.py","lineno":593}
{"timestamp":"2026-02-13T12:09:56.619332Z","level":"info","event":"Filling up the DagBag from /opt/airflow/dags/6_parallel_tasks.py","logger":"airflow.models.dagbag.BundleDagBag","filename":"dagbag.py","lineno":593}
{"timestamp":"2026-02-13T12:10:27.157789Z","level":"info","event":"Filling up the DagBag from /opt/airflow/dags/6_parallel_tasks.py","logger":"airflow.models.dagbag.BundleDagBag","filename":"dagbag.py","lineno":593}
{"timestamp":"2026-02-13T12:10:58.332372Z","level":"info","event":"Filling up the DagBag from /opt/airflow/dags/6_parallel_tasks.py","logger":"airflow.models.dagbag.BundleDagBag","filename":"dagbag.py","lineno":593}
{"timestamp":"2026-02-13T12:11:29.476824Z","level":"info","event":"Filling up the DagBag from /opt/airflow/dags/6_parallel_tasks.py","logger":"airflow.models.dagbag.BundleDagBag","filename":"dagbag.py","lineno":593}
{"timestamp":"2026-02-13T12:12:00.617727Z","level":"info","event":"Filling up the DagBag from /opt/airflow/dags/6_parallel_tasks.py","logger":"airflow.models.dagbag.BundleDagBag","filename":"dagbag.py","lineno":593}
{"timestamp":"2026-02-13T12:12:30.828618Z","level":"info","event":"Filling up the DagBag from /opt/airflow/dags/6_parallel_tasks.py","logger":"airflow.models.dagbag.BundleDagBag","filename":"dagbag.py","lineno":593}
{"timestamp":"2026-02-13T12:13:01.234957Z","level":"info","event":"Filling up the DagBag from /opt/airflow/dags/6_parallel_tasks.py","logger":"airflow.models.dagbag.BundleDagBag","filename":"dagbag.py","lineno":593}
{"timestamp":"2026-02-13T12:13:31.980656Z","level":"info","event":"Filling up the DagBag from /opt/airflow/dags/6_parallel_tasks.py","logger":"airflow.models.dagbag.BundleDagBag","filename":"dagbag.py","lineno":593}
{"timestamp":"2026-02-13T12:14:02.342669Z","level":"info","event":"Filling up the DagBag from /opt/airflow/dags/6_parallel_tasks.py","logger":"airflow.models.dagbag.BundleDagBag","filename":"dagbag.py","lineno":593}
{"timestamp":"2026-02-13T12:14:32.802618Z","level":"info","event":"Filling up the DagBag from /opt/airflow/dags/6_parallel_tasks.py","logger":"airflow.models.dagbag.BundleDagBag","filename":"dagbag.py","lineno":593}
{"timestamp":"2026-02-13T12:15:03.830053Z","level":"info","event":"Filling up the DagBag from /opt/airflow/dags/6_parallel_tasks.py","logger":"airflow.models.dagbag.BundleDagBag","filename":"dagbag.py","lineno":593}
{"timestamp":"2026-02-13T12:15:34.659701Z","level":"info","event":"Filling up the DagBag from /opt/airflow/dags/6_parallel_tasks.py","logger":"airflow.models.dagbag.BundleDagBag","filename":"dagbag.py","lineno":593}
{"timestamp":"2026-02-13T12:16:05.013032Z","level":"info","event":"Filling up the DagBag from /opt/airflow/dags/6_parallel_tasks.py","logger":"airflow.models.dagbag.BundleDagBag","filename":"dagbag.py","lineno":593}
{"timestamp":"2026-02-13T12:16:35.481422Z","level":"info","event":"Filling up the DagBag from /opt/airflow/dags/6_parallel_tasks.py","logger":"airflow.models.dagbag.BundleDagBag","filename":"dagbag.py","lineno":593}
{"timestamp":"2026-02-13T12:17:05.974824Z","level":"info","event":"Filling up the DagBag from /opt/airflow/dags/6_parallel_tasks.py","logger":"airflow.models.dagbag.BundleDagBag","filename":"dagbag.py","lineno":593}
{"timestamp":"2026-02-13T12:17:36.439524Z","level":"info","event":"Filling up the DagBag from /opt/airflow/dags/6_parallel_tasks.py","logger":"airflow.models.dagbag.BundleDagBag","filename":"dagbag.py","lineno":593}
{"timestamp":"2026-02-13T12:18:06.865930Z","level":"info","event":"Filling up the DagBag from /opt/airflow/dags/6_parallel_tasks.py","logger":"airflow.models.dagbag.BundleDagBag","filename":"dagbag.py","lineno":593}
{"timestamp":"2026-02-13T12:18:37.403352Z","level":"info","event":"Filling up the DagBag from /opt/airflow/dags/6_parallel_tasks.py","logger":"airflow.models.dagbag.BundleDagBag","filename":"dagbag.py","lineno":593}
{"timestamp":"2026-02-13T12:19:08.290313Z","level":"info","event":"Filling up the DagBag from /opt/airflow/dags/6_parallel_tasks.py","logger":"airflow.models.dagbag.BundleDagBag","filename":"dagbag.py","lineno":593}
{"timestamp":"2026-02-13T12:19:38.686793Z","level":"info","event":"Filling up the DagBag from /opt/airflow/dags/6_parallel_tasks.py","logger":"airflow.models.dagbag.BundleDagBag","filename":"dagbag.py","lineno":593}
{"timestamp":"2026-02-13T12:20:08.987504Z","level":"info","event":"Filling up the DagBag from /opt/airflow/dags/6_parallel_tasks.py","logger":"airflow.models.dagbag.BundleDagBag","filename":"dagbag.py","lineno":593}
{"timestamp":"2026-02-13T12:20:39.762393Z","level":"info","event":"Filling up the DagBag from /opt/airflow/dags/6_parallel_tasks.py","logger":"airflow.models.dagbag.BundleDagBag","filename":"dagbag.py","lineno":593}
{"timestamp":"2026-02-13T12:21:10.315440Z","level":"info","event":"Filling up the DagBag from /opt/airflow/dags/6_parallel_tasks.py","logger":"airflow.models.dagbag.BundleDagBag","filename":"dagbag.py","lineno":593}
{"timestamp":"2026-02-13T12:21:40.940750Z","level":"info","event":"Filling up the DagBag from /opt/airflow/dags/6_parallel_tasks.py","logger":"airflow.models.dagbag.BundleDagBag","filename":"dagbag.py","lineno":593}
{"timestamp":"2026-02-13T12:22:11.722523Z","level":"info","event":"Filling up the DagBag from /opt/airflow/dags/6_parallel_tasks.py","logger":"airflow.models.dagbag.BundleDagBag","filename":"dagbag.py","lineno":593}
{"timestamp":"2026-02-13T12:22:42.428300Z","level":"info","event":"Filling up the DagBag from /opt/airflow/dags/6_parallel_tasks.py","logger":"airflow.models.dagbag.BundleDagBag","filename":"dagbag.py","lineno":593}
{"timestamp":"2026-02-13T12:23:12.759624Z","level":"info","event":"Filling up the DagBag from /opt/airflow/dags/6_parallel_tasks.py","logger":"airflow.models.dagbag.BundleDagBag","filename":"dagbag.py","lineno":593}
{"timestamp":"2026-02-13T12:23:43.435115Z","level":"info","event":"Filling up the DagBag from /opt/airflow/dags/6_parallel_tasks.py","logger":"airflow.models.dagbag.BundleDagBag","filename":"dagbag.py","lineno":593}
{"timestamp":"2026-02-13T12:24:13.752841Z","level":"info","event":"Filling up the DagBag from /opt/airflow/dags/6_parallel_tasks.py","logger":"airflow.models.dagbag.BundleDagBag","filename":"dagbag.py","lineno":593}
{"timestamp":"2026-02-13T12:24:44.051124Z","level":"info","event":"Filling up the DagBag from /opt/airflow/dags/6_parallel_tasks.py","logger":"airflow.models.dagbag.BundleDagBag","filename":"dagbag.py","lineno":593}
{"timestamp":"2026-02-13T12:25:14.454119Z","level":"info","event":"Filling up the DagBag from /opt/airflow/dags/6_parallel_tasks.py","logger":"airflow.models.dagbag.BundleDagBag","filename":"dagbag.py","lineno":593}
{"timestamp":"2026-02-13T12:25:44.796727Z","level":"info","event":"Filling up the DagBag from /opt/airflow/dags/6_parallel_tasks.py","logger":"airflow.models.dagbag.BundleDagBag","filename":"dagbag.py","lineno":593}
{"timestamp":"2026-02-13T12:26:15.162176Z","level":"info","event":"Filling up the DagBag from /opt/airflow/dags/6_parallel_tasks.py","logger":"airflow.models.dagbag.BundleDagBag","filename":"dagbag.py","lineno":593}
{"timestamp":"2026-02-13T12:26:46.215224Z","level":"info","event":"Filling up the DagBag from /opt/airflow/dags/6_parallel_tasks.py","logger":"airflow.models.dagbag.BundleDagBag","filename":"dagbag.py","lineno":593}
{"timestamp":"2026-02-13T12:27:16.818575Z","level":"info","event":"Filling up the DagBag from /opt/airflow/dags/6_parallel_tasks.py","logger":"airflow.models.dagbag.BundleDagBag","filename":"dagbag.py","lineno":593}
{"timestamp":"2026-02-13T12:27:47.568588Z","level":"info","event":"Filling up the DagBag from /opt/airflow/dags/6_parallel_tasks.py","logger":"airflow.models.dagbag.BundleDagBag","filename":"dagbag.py","lineno":593}
{"timestamp":"2026-02-13T12:28:18.417915Z","level":"info","event":"Filling up the DagBag from /opt/airflow/dags/6_parallel_tasks.py","logger":"airflow.models.dagbag.BundleDagBag","filename":"dagbag.py","lineno":593}
{"timestamp":"2026-02-13T12:28:48.635756Z","level":"info","event":"Filling up the DagBag from /opt/airflow/dags/6_parallel_tasks.py","logger":"airflow.models.dagbag.BundleDagBag","filename":"dagbag.py","lineno":593}
{"timestamp":"2026-02-13T12:29:19.748638Z","level":"info","event":"Filling up the DagBag from /opt/airflow/dags/6_parallel_tasks.py","logger":"airflow.models.dagbag.BundleDagBag","filename":"dagbag.py","lineno":593}
{"timestamp":"2026-02-13T12:29:51.075623Z","level":"info","event":"Filling up the DagBag from /opt/airflow/dags/6_parallel_tasks.py","logger":"airflow.models.dagbag.BundleDagBag","filename":"dagbag.py","lineno":593}
{"timestamp":"2026-02-13T12:30:21.629920Z","level":"info","event":"Filling up the DagBag from /opt/airflow/dags/6_parallel_tasks.py","logger":"airflow.models.dagbag.BundleDagBag","filename":"dagbag.py","lineno":593}
{"timestamp":"2026-02-13T12:31:36.240439Z","level":"info","event":"Filling up the DagBag from /opt/airflow/dags/6_parallel_tasks.py","logger":"airflow.models.dagbag.BundleDagBag","filename":"dagbag.py","lineno":593}
{"timestamp":"2026-02-13T12:32:07.881132Z","level":"info","event":"Filling up the DagBag from /opt/airflow/dags/6_parallel_tasks.py","logger":"airflow.models.dagbag.BundleDagBag","filename":"dagbag.py","lineno":593}
{"timestamp":"2026-02-13T12:32:38.148430Z","level":"info","event":"Filling up the DagBag from /opt/airflow/dags/6_parallel_tasks.py","logger":"airflow.models.dagbag.BundleDagBag","filename":"dagbag.py","lineno":593}
{"timestamp":"2026-02-13T12:33:09.060856Z","level":"info","event":"Filling up the DagBag from /opt/airflow/dags/6_parallel_tasks.py","logger":"airflow.models.dagbag.BundleDagBag","filename":"dagbag.py","lineno":593}
{"timestamp":"2026-02-13T12:33:40.008331Z","level":"info","event":"Filling up the DagBag from /opt/airflow/dags/6_parallel_tasks.py","logger":"airflow.models.dagbag.BundleDagBag","filename":"dagbag.py","lineno":593}
{"timestamp":"2026-02-13T12:34:11.140357Z","level":"info","event":"Filling up the DagBag from /opt/airflow/dags/6_parallel_tasks.py","logger":"airflow.models.dagbag.BundleDagBag","filename":"dagbag.py","lineno":593}
{"timestamp":"2026-02-13T12:34:41.439472Z","level":"info","event":"Filling up the DagBag from /opt/airflow/dags/6_parallel_tasks.py","logger":"airflow.models.dagbag.BundleDagBag","filename":"dagbag.py","lineno":593}
{"timestamp":"2026-02-13T12:35:12.656558Z","level":"info","event":"Filling up the DagBag from /opt/airflow/dags/6_parallel_tasks.py","logger":"airflow.models.dagbag.BundleDagBag","filename":"dagbag.py","lineno":593}
{"timestamp":"2026-02-13T12:35:42.885637Z","level":"info","event":"Filling up the DagBag from /opt/airflow/dags/6_parallel_tasks.py","logger":"airflow.models.dagbag.BundleDagBag","filename":"dagbag.py","lineno":593}
{"timestamp":"2026-02-13T12:36:13.086056Z","level":"info","event":"Filling up the DagBag from /opt/airflow/dags/6_parallel_tasks.py","logger":"airflow.models.dagbag.BundleDagBag","filename":"dagbag.py","lineno":593}
{"timestamp":"2026-02-13T12:36:44.164103Z","level":"info","event":"Filling up the DagBag from /opt/airflow/dags/6_parallel_tasks.py","logger":"airflow.models.dagbag.BundleDagBag","filename":"dagbag.py","lineno":593}
{"timestamp":"2026-02-13T12:37:14.347664Z","level":"info","event":"Filling up the DagBag from /opt/airflow/dags/6_parallel_tasks.py","logger":"airflow.models.dagbag.BundleDagBag","filename":"dagbag.py","lineno":593}
{"timestamp":"2026-02-13T12:37:44.787667Z","level":"info","event":"Filling up the DagBag from /opt/airflow/dags/6_parallel_tasks.py","logger":"airflow.models.dagbag.BundleDagBag","filename":"dagbag.py","lineno":593}
{"timestamp":"2026-02-13T12:38:16.048285Z","level":"info","event":"Filling up the DagBag from /opt/airflow/dags/6_parallel_tasks.py","logger":"airflow.models.dagbag.BundleDagBag","filename":"dagbag.py","lineno":593}
{"timestamp":"2026-02-13T12:38:46.364877Z","level":"info","event":"Filling up the DagBag from /opt/airflow/dags/6_parallel_tasks.py","logger":"airflow.models.dagbag.BundleDagBag","filename":"dagbag.py","lineno":593}
{"timestamp":"2026-02-13T12:39:16.603886Z","level":"info","event":"Filling up the DagBag from /opt/airflow/dags/6_parallel_tasks.py","logger":"airflow.models.dagbag.BundleDagBag","filename":"dagbag.py","lineno":593}
{"timestamp":"2026-02-13T12:39:46.851138Z","level":"info","event":"Filling up the DagBag from /opt/airflow/dags/6_parallel_tasks.py","logger":"airflow.models.dagbag.BundleDagBag","filename":"dagbag.py","lineno":593}
{"timestamp":"2026-02-13T12:40:17.965856Z","level":"info","event":"Filling up the DagBag from /opt/airflow/dags/6_parallel_tasks.py","logger":"airflow.models.dagbag.BundleDagBag","filename":"dagbag.py","lineno":593}
{"timestamp":"2026-02-13T12:40:48.249936Z","level":"info","event":"Filling up the DagBag from /opt/airflow/dags/6_parallel_tasks.py","logger":"airflow.models.dagbag.BundleDagBag","filename":"dagbag.py","lineno":593}
{"timestamp":"2026-02-13T12:41:18.506327Z","level":"info","event":"Filling up the DagBag from /opt/airflow/dags/6_parallel_tasks.py","logger":"airflow.models.dagbag.BundleDagBag","filename":"dagbag.py","lineno":593}
{"timestamp":"2026-02-13T12:41:48.825861Z","level":"info","event":"Filling up the DagBag from /opt/airflow/dags/6_parallel_tasks.py","logger":"airflow.models.dagbag.BundleDagBag","filename":"dagbag.py","lineno":593}
{"timestamp":"2026-02-13T12:42:20.045097Z","level":"info","event":"Filling up the DagBag from /opt/airflow/dags/6_parallel_tasks.py","logger":"airflow.models.dagbag.BundleDagBag","filename":"dagbag.py","lineno":593}
{"timestamp":"2026-02-13T12:42:51.120982Z","level":"info","event":"Filling up the DagBag from /opt/airflow/dags/6_parallel_tasks.py","logger":"airflow.models.dagbag.BundleDagBag","filename":"dagbag.py","lineno":593}
{"timestamp":"2026-02-13T12:43:21.823157Z","level":"info","event":"Filling up the DagBag from /opt/airflow/dags/6_parallel_tasks.py","logger":"airflow.models.dagbag.BundleDagBag","filename":"dagbag.py","lineno":593}
{"timestamp":"2026-02-13T12:43:52.070623Z","level":"info","event":"Filling up the DagBag from /opt/airflow/dags/6_parallel_tasks.py","logger":"airflow.models.dagbag.BundleDagBag","filename":"dagbag.py","lineno":593}
{"timestamp":"2026-02-13T12:49:11.113381Z","level":"info","event":"Filling up the DagBag from /opt/airflow/dags/6_parallel_tasks.py","logger":"airflow.models.dagbag.BundleDagBag","filename":"dagbag.py","lineno":593}
{"timestamp":"2026-02-13T12:49:42.023291Z","level":"info","event":"Filling up the DagBag from /opt/airflow/dags/6_parallel_tasks.py","logger":"airflow.models.dagbag.BundleDagBag","filename":"dagbag.py","lineno":593}
{"timestamp":"2026-02-13T13:05:20.638443Z","level":"info","event":"Filling up the DagBag from /opt/airflow/dags/6_parallel_tasks.py","logger":"airflow.models.dagbag.BundleDagBag","filename":"dagbag.py","lineno":593}
{"timestamp":"2026-02-13T13:05:51.791594Z","level":"info","event":"Filling up the DagBag from /opt/airflow/dags/6_parallel_tasks.py","logger":"airflow.models.dagbag.BundleDagBag","filename":"dagbag.py","lineno":593}
{"timestamp":"2026-02-13T13:06:22.881871Z","level":"info","event":"Filling up the DagBag from /opt/airflow/dags/6_parallel_tasks.py","logger":"airflow.models.dagbag.BundleDagBag","filename":"dagbag.py","lineno":593}
{"timestamp":"2026-02-13T13:06:53.465233Z","level":"info","event":"Filling up the DagBag from /opt/airflow/dags/6_parallel_tasks.py","logger":"airflow.models.dagbag.BundleDagBag","filename":"dagbag.py","lineno":593}
{"timestamp":"2026-02-13T13:07:23.636073Z","level":"info","event":"Filling up the DagBag from /opt/airflow/dags/6_parallel_tasks.py","logger":"airflow.models.dagbag.BundleDagBag","filename":"dagbag.py","lineno":593}
{"timestamp":"2026-02-13T13:07:54.719181Z","level":"info","event":"Filling up the DagBag from /opt/airflow/dags/6_parallel_tasks.py","logger":"airflow.models.dagbag.BundleDagBag","filename":"dagbag.py","lineno":593}
{"timestamp":"2026-02-13T13:08:25.821062Z","level":"info","event":"Filling up the DagBag from /opt/airflow/dags/6_parallel_tasks.py","logger":"airflow.models.dagbag.BundleDagBag","filename":"dagbag.py","lineno":593}
{"timestamp":"2026-02-13T13:08:56.874889Z","level":"info","event":"Filling up the DagBag from /opt/airflow/dags/6_parallel_tasks.py","logger":"airflow.models.dagbag.BundleDagBag","filename":"dagbag.py","lineno":593}
{"timestamp":"2026-02-13T13:09:27.965753Z","level":"info","event":"Filling up the DagBag from /opt/airflow/dags/6_parallel_tasks.py","logger":"airflow.models.dagbag.BundleDagBag","filename":"dagbag.py","lineno":593}
{"timestamp":"2026-02-13T13:09:59.019169Z","level":"info","event":"Filling up the DagBag from /opt/airflow/dags/6_parallel_tasks.py","logger":"airflow.models.dagbag.BundleDagBag","filename":"dagbag.py","lineno":593}
{"timestamp":"2026-02-13T13:10:30.118588Z","level":"info","event":"Filling up the DagBag from /opt/airflow/dags/6_parallel_tasks.py","logger":"airflow.models.dagbag.BundleDagBag","filename":"dagbag.py","lineno":593}
{"timestamp":"2026-02-13T13:11:01.233896Z","level":"info","event":"Filling up the DagBag from /opt/airflow/dags/6_parallel_tasks.py","logger":"airflow.models.dagbag.BundleDagBag","filename":"dagbag.py","lineno":593}
{"timestamp":"2026-02-13T13:11:32.286707Z","level":"info","event":"Filling up the DagBag from /opt/airflow/dags/6_parallel_tasks.py","logger":"airflow.models.dagbag.BundleDagBag","filename":"dagbag.py","lineno":593}
{"timestamp":"2026-02-13T13:12:02.526149Z","level":"info","event":"Filling up the DagBag from /opt/airflow/dags/6_parallel_tasks.py","logger":"airflow.models.dagbag.BundleDagBag","filename":"dagbag.py","lineno":593}
{"timestamp":"2026-02-13T13:12:33.642787Z","level":"info","event":"Filling up the DagBag from /opt/airflow/dags/6_parallel_tasks.py","logger":"airflow.models.dagbag.BundleDagBag","filename":"dagbag.py","lineno":593}
{"timestamp":"2026-02-13T13:13:04.645144Z","level":"info","event":"Filling up the DagBag from /opt/airflow/dags/6_parallel_tasks.py","logger":"airflow.models.dagbag.BundleDagBag","filename":"dagbag.py","lineno":593}
{"timestamp":"2026-02-13T13:13:35.715813Z","level":"info","event":"Filling up the DagBag from /opt/airflow/dags/6_parallel_tasks.py","logger":"airflow.models.dagbag.BundleDagBag","filename":"dagbag.py","lineno":593}
{"timestamp":"2026-02-13T13:14:06.724191Z","level":"info","event":"Filling up the DagBag from /opt/airflow/dags/6_parallel_tasks.py","logger":"airflow.models.dagbag.BundleDagBag","filename":"dagbag.py","lineno":593}
{"timestamp":"2026-02-13T13:14:37.035302Z","level":"info","event":"Filling up the DagBag from /opt/airflow/dags/6_parallel_tasks.py","logger":"airflow.models.dagbag.BundleDagBag","filename":"dagbag.py","lineno":593}
{"timestamp":"2026-02-13T13:15:07.208344Z","level":"info","event":"Filling up the DagBag from /opt/airflow/dags/6_parallel_tasks.py","logger":"airflow.models.dagbag.BundleDagBag","filename":"dagbag.py","lineno":593}
{"timestamp":"2026-02-13T13:15:37.371881Z","level":"info","event":"Filling up the DagBag from /opt/airflow/dags/6_parallel_tasks.py","logger":"airflow.models.dagbag.BundleDagBag","filename":"dagbag.py","lineno":593}
{"timestamp":"2026-02-13T13:16:08.257587Z","level":"info","event":"Filling up the DagBag from /opt/airflow/dags/6_parallel_tasks.py","logger":"airflow.models.dagbag.BundleDagBag","filename":"dagbag.py","lineno":593}
{"timestamp":"2026-02-13T13:19:02.434311Z","level":"info","event":"Filling up the DagBag from /opt/airflow/dags/6_parallel_tasks.py","logger":"airflow.models.dagbag.BundleDagBag","filename":"dagbag.py","lineno":593}
{"timestamp":"2026-02-13T13:53:59.640660Z","level":"info","event":"Filling up the DagBag from /opt/airflow/dags/6_parallel_tasks.py","logger":"airflow.models.dagbag.BundleDagBag","filename":"dagbag.py","lineno":593}
{"timestamp":"2026-02-13T13:59:02.857711Z","level":"info","event":"Filling up the DagBag from /opt/airflow/dags/6_parallel_tasks.py","logger":"airflow.models.dagbag.BundleDagBag","filename":"dagbag.py","lineno":593}
{"timestamp":"2026-02-13T14:14:32.806114Z","level":"info","event":"Filling up the DagBag from /opt/airflow/dags/6_parallel_tasks.py","logger":"airflow.models.dagbag.BundleDagBag","filename":"dagbag.py","lineno":593}
{"timestamp":"2026-02-13T14:15:03.721559Z","level":"info","event":"Filling up the DagBag from /opt/airflow/dags/6_parallel_tasks.py","logger":"airflow.models.dagbag.BundleDagBag","filename":"dagbag.py","lineno":593}
{"timestamp":"2026-02-13T14:17:16.470532Z","level":"info","event":"Filling up the DagBag from /opt/airflow/dags/6_parallel_tasks.py","logger":"airflow.models.dagbag.BundleDagBag","filename":"dagbag.py","lineno":593}
{"timestamp":"2026-02-13T14:32:46.275482Z","level":"info","event":"Filling up the DagBag from /opt/airflow/dags/6_parallel_tasks.py","logger":"airflow.models.dagbag.BundleDagBag","filename":"dagbag.py","lineno":593}
{"timestamp":"2026-02-13T14:33:17.165029Z","level":"info","event":"Filling up the DagBag from /opt/airflow/dags/6_parallel_tasks.py","logger":"airflow.models.dagbag.BundleDagBag","filename":"dagbag.py","lineno":593}
{"timestamp":"2026-02-13T14:52:27.783498Z","level":"info","event":"Filling up the DagBag from /opt/airflow/dags/6_parallel_tasks.py","logger":"airflow.models.dagbag.BundleDagBag","filename":"dagbag.py","lineno":593}
{"timestamp":"2026-02-13T14:52:58.652470Z","level":"info","event":"Filling up the DagBag from /opt/airflow/dags/6_parallel_tasks.py","logger":"airflow.models.dagbag.BundleDagBag","filename":"dagbag.py","lineno":593}
{"timestamp":"2026-02-13T15:25:56.221770Z","level":"info","event":"Filling up the DagBag from /opt/airflow/dags/6_parallel_tasks.py","logger":"airflow.models.dagbag.BundleDagBag","filename":"dagbag.py","lineno":593}
{"timestamp":"2026-02-13T15:41:26.128209Z","level":"info","event":"Filling up the DagBag from /opt/airflow/dags/6_parallel_tasks.py","logger":"airflow.models.dagbag.BundleDagBag","filename":"dagbag.py","lineno":593}
{"timestamp":"2026-02-13T15:41:56.983224Z","level":"info","event":"Filling up the DagBag from /opt/airflow/dags/6_parallel_tasks.py","logger":"airflow.models.dagbag.BundleDagBag","filename":"dagbag.py","lineno":593}
{"timestamp":"2026-02-13T15:46:31.909223Z","level":"info","event":"Filling up the DagBag from /opt/airflow/dags/6_parallel_tasks.py","logger":"airflow.models.dagbag.BundleDagBag","filename":"dagbag.py","lineno":593}
{"timestamp":"2026-02-13T15:48:30.126577Z","level":"info","event":"Filling up the DagBag from /opt/airflow/dags/6_parallel_tasks.py","logger":"airflow.models.dagbag.BundleDagBag","filename":"dagbag.py","lineno":593}
{"timestamp":"2026-02-13T15:49:00.521226Z","level":"info","event":"Filling up the DagBag from /opt/airflow/dags/6_parallel_tasks.py","logger":"airflow.models.dagbag.BundleDagBag","filename":"dagbag.py","lineno":593}
{"timestamp":"2026-02-13T15:49:58.081095Z","level":"info","event":"Filling up the DagBag from /opt/airflow/dags/6_parallel_tasks.py","logger":"airflow.models.dagbag.BundleDagBag","filename":"dagbag.py","lineno":593}
{"timestamp":"2026-02-13T15:50:29.113641Z","level":"info","event":"Filling up the DagBag from /opt/airflow/dags/6_parallel_tasks.py","logger":"airflow.models.dagbag.BundleDagBag","filename":"dagbag.py","lineno":593}
{"timestamp":"2026-02-13T15:50:59.589634Z","level":"info","event":"Filling up the DagBag from /opt/airflow/dags/6_parallel_tasks.py","logger":"airflow.models.dagbag.BundleDagBag","filename":"dagbag.py","lineno":593}
{"timestamp":"2026-02-13T15:51:31.171051Z","level":"info","event":"Filling up the DagBag from /opt/airflow/dags/6_parallel_tasks.py","logger":"airflow.models.dagbag.BundleDagBag","filename":"dagbag.py","lineno":593}
{"timestamp":"2026-02-13T15:52:02.812045Z","level":"info","event":"Filling up the DagBag from /opt/airflow/dags/6_parallel_tasks.py","logger":"airflow.models.dagbag.BundleDagBag","filename":"dagbag.py","lineno":593}
{"timestamp":"2026-02-13T15:52:34.107686Z","level":"info","event":"Filling up the DagBag from /opt/airflow/dags/6_parallel_tasks.py","logger":"airflow.models.dagbag.BundleDagBag","filename":"dagbag.py","lineno":593}
{"timestamp":"2026-02-13T15:53:05.134706Z","level":"info","event":"Filling up the DagBag from /opt/airflow/dags/6_parallel_tasks.py","logger":"airflow.models.dagbag.BundleDagBag","filename":"dagbag.py","lineno":593}
{"timestamp":"2026-02-13T15:53:36.323449Z","level":"info","event":"Filling up the DagBag from /opt/airflow/dags/6_parallel_tasks.py","logger":"airflow.models.dagbag.BundleDagBag","filename":"dagbag.py","lineno":593}
{"timestamp":"2026-02-13T15:54:07.477232Z","level":"info","event":"Filling up the DagBag from /opt/airflow/dags/6_parallel_tasks.py","logger":"airflow.models.dagbag.BundleDagBag","filename":"dagbag.py","lineno":593}
{"timestamp":"2026-02-13T15:54:38.618411Z","level":"info","event":"Filling up the DagBag from /opt/airflow/dags/6_parallel_tasks.py","logger":"airflow.models.dagbag.BundleDagBag","filename":"dagbag.py","lineno":593}
{"timestamp":"2026-02-13T15:55:09.475299Z","level":"info","event":"Filling up the DagBag from /opt/airflow/dags/6_parallel_tasks.py","logger":"airflow.models.dagbag.BundleDagBag","filename":"dagbag.py","lineno":593}
{"timestamp":"2026-02-13T15:55:40.587987Z","level":"info","event":"Filling up the DagBag from /opt/airflow/dags/6_parallel_tasks.py","logger":"airflow.models.dagbag.BundleDagBag","filename":"dagbag.py","lineno":593}
{"timestamp":"2026-02-13T15:56:11.623947Z","level":"info","event":"Filling up the DagBag from /opt/airflow/dags/6_parallel_tasks.py","logger":"airflow.models.dagbag.BundleDagBag","filename":"dagbag.py","lineno":593}
{"timestamp":"2026-02-13T15:56:42.697983Z","level":"info","event":"Filling up the DagBag from /opt/airflow/dags/6_parallel_tasks.py","logger":"airflow.models.dagbag.BundleDagBag","filename":"dagbag.py","lineno":593}
{"timestamp":"2026-02-13T15:57:13.909546Z","level":"info","event":"Filling up the DagBag from /opt/airflow/dags/6_parallel_tasks.py","logger":"airflow.models.dagbag.BundleDagBag","filename":"dagbag.py","lineno":593}
{"timestamp":"2026-02-13T15:57:44.925953Z","level":"info","event":"Filling up the DagBag from /opt/airflow/dags/6_parallel_tasks.py","logger":"airflow.models.dagbag.BundleDagBag","filename":"dagbag.py","lineno":593}
{"timestamp":"2026-02-13T15:58:15.830714Z","level":"info","event":"Filling up the DagBag from /opt/airflow/dags/6_parallel_tasks.py","logger":"airflow.models.dagbag.BundleDagBag","filename":"dagbag.py","lineno":593}
{"timestamp":"2026-02-13T15:58:46.905076Z","level":"info","event":"Filling up the DagBag from /opt/airflow/dags/6_parallel_tasks.py","logger":"airflow.models.dagbag.BundleDagBag","filename":"dagbag.py","lineno":593}
{"timestamp":"2026-02-13T15:59:17.838177Z","level":"info","event":"Filling up the DagBag from /opt/airflow/dags/6_parallel_tasks.py","logger":"airflow.models.dagbag.BundleDagBag","filename":"dagbag.py","lineno":593}
{"timestamp":"2026-02-13T15:59:48.869997Z","level":"info","event":"Filling up the DagBag from /opt/airflow/dags/6_parallel_tasks.py","logger":"airflow.models.dagbag.BundleDagBag","filename":"dagbag.py","lineno":593}
{"timestamp":"2026-02-13T16:00:19.826183Z","level":"info","event":"Filling up the DagBag from /opt/airflow/dags/6_parallel_tasks.py","logger":"airflow.models.dagbag.BundleDagBag","filename":"dagbag.py","lineno":593}
{"timestamp":"2026-02-13T16:00:50.063059Z","level":"info","event":"Filling up the DagBag from /opt/airflow/dags/6_parallel_tasks.py","logger":"airflow.models.dagbag.BundleDagBag","filename":"dagbag.py","lineno":593}
{"timestamp":"2026-02-13T16:01:21.172753Z","level":"info","event":"Filling up the DagBag from /opt/airflow/dags/6_parallel_tasks.py","logger":"airflow.models.dagbag.BundleDagBag","filename":"dagbag.py","lineno":593}
{"timestamp":"2026-02-13T16:01:51.417029Z","level":"info","event":"Filling up the DagBag from /opt/airflow/dags/6_parallel_tasks.py","logger":"airflow.models.dagbag.BundleDagBag","filename":"dagbag.py","lineno":593}
{"timestamp":"2026-02-13T16:02:22.002793Z","level":"info","event":"Filling up the DagBag from /opt/airflow/dags/6_parallel_tasks.py","logger":"airflow.models.dagbag.BundleDagBag","filename":"dagbag.py","lineno":593}
{"timestamp":"2026-02-13T16:02:53.041519Z","level":"info","event":"Filling up the DagBag from /opt/airflow/dags/6_parallel_tasks.py","logger":"airflow.models.dagbag.BundleDagBag","filename":"dagbag.py","lineno":593}
{"timestamp":"2026-02-13T16:03:26.861989Z","level":"info","event":"Filling up the DagBag from /opt/airflow/dags/6_parallel_tasks.py","logger":"airflow.models.dagbag.BundleDagBag","filename":"dagbag.py","lineno":593}
{"timestamp":"2026-02-13T16:03:57.662500Z","level":"info","event":"Filling up the DagBag from /opt/airflow/dags/6_parallel_tasks.py","logger":"airflow.models.dagbag.BundleDagBag","filename":"dagbag.py","lineno":593}
{"timestamp":"2026-02-13T16:09:23.178156Z","level":"info","event":"Filling up the DagBag from /opt/airflow/dags/6_parallel_tasks.py","logger":"airflow.models.dagbag.BundleDagBag","filename":"dagbag.py","lineno":593}
{"timestamp":"2026-02-13T16:09:53.561864Z","level":"info","event":"Filling up the DagBag from /opt/airflow/dags/6_parallel_tasks.py","logger":"airflow.models.dagbag.BundleDagBag","filename":"dagbag.py","lineno":593}
{"timestamp":"2026-02-13T16:10:24.636282Z","level":"info","event":"Filling up the DagBag from /opt/airflow/dags/6_parallel_tasks.py","logger":"airflow.models.dagbag.BundleDagBag","filename":"dagbag.py","lineno":593}
{"timestamp":"2026-02-13T16:10:55.711885Z","level":"info","event":"Filling up the DagBag from /opt/airflow/dags/6_parallel_tasks.py","logger":"airflow.models.dagbag.BundleDagBag","filename":"dagbag.py","lineno":593}
{"timestamp":"2026-02-13T16:11:26.676703Z","level":"info","event":"Filling up the DagBag from /opt/airflow/dags/6_parallel_tasks.py","logger":"airflow.models.dagbag.BundleDagBag","filename":"dagbag.py","lineno":593}
{"timestamp":"2026-02-13T16:11:57.726740Z","level":"info","event":"Filling up the DagBag from /opt/airflow/dags/6_parallel_tasks.py","logger":"airflow.models.dagbag.BundleDagBag","filename":"dagbag.py","lineno":593}
{"timestamp":"2026-02-13T16:12:28.729623Z","level":"info","event":"Filling up the DagBag from /opt/airflow/dags/6_parallel_tasks.py","logger":"airflow.models.dagbag.BundleDagBag","filename":"dagbag.py","lineno":593}
{"timestamp":"2026-02-13T16:12:59.826543Z","level":"info","event":"Filling up the DagBag from /opt/airflow/dags/6_parallel_tasks.py","logger":"airflow.models.dagbag.BundleDagBag","filename":"dagbag.py","lineno":593}
{"timestamp":"2026-02-13T16:13:30.922479Z","level":"info","event":"Filling up the DagBag from /opt/airflow/dags/6_parallel_tasks.py","logger":"airflow.models.dagbag.BundleDagBag","filename":"dagbag.py","lineno":593}
{"timestamp":"2026-02-13T16:14:01.220634Z","level":"info","event":"Filling up the DagBag from /opt/airflow/dags/6_parallel_tasks.py","logger":"airflow.models.dagbag.BundleDagBag","filename":"dagbag.py","lineno":593}
{"timestamp":"2026-02-13T16:14:31.535745Z","level":"info","event":"Filling up the DagBag from /opt/airflow/dags/6_parallel_tasks.py","logger":"airflow.models.dagbag.BundleDagBag","filename":"dagbag.py","lineno":593}
{"timestamp":"2026-02-13T16:15:01.743094Z","level":"info","event":"Filling up the DagBag from /opt/airflow/dags/6_parallel_tasks.py","logger":"airflow.models.dagbag.BundleDagBag","filename":"dagbag.py","lineno":593}
{"timestamp":"2026-02-13T16:15:32.733140Z","level":"info","event":"Filling up the DagBag from /opt/airflow/dags/6_parallel_tasks.py","logger":"airflow.models.dagbag.BundleDagBag","filename":"dagbag.py","lineno":593}
{"timestamp":"2026-02-13T16:16:03.889396Z","level":"info","event":"Filling up the DagBag from /opt/airflow/dags/6_parallel_tasks.py","logger":"airflow.models.dagbag.BundleDagBag","filename":"dagbag.py","lineno":593}
{"timestamp":"2026-02-13T16:16:34.065191Z","level":"info","event":"Filling up the DagBag from /opt/airflow/dags/6_parallel_tasks.py","logger":"airflow.models.dagbag.BundleDagBag","filename":"dagbag.py","lineno":593}
{"timestamp":"2026-02-13T16:17:04.296269Z","level":"info","event":"Filling up the DagBag from /opt/airflow/dags/6_parallel_tasks.py","logger":"airflow.models.dagbag.BundleDagBag","filename":"dagbag.py","lineno":593}
{"timestamp":"2026-02-13T16:17:34.530250Z","level":"info","event":"Filling up the DagBag from /opt/airflow/dags/6_parallel_tasks.py","logger":"airflow.models.dagbag.BundleDagBag","filename":"dagbag.py","lineno":593}
{"timestamp":"2026-02-13T16:18:05.241319Z","level":"info","event":"Filling up the DagBag from /opt/airflow/dags/6_parallel_tasks.py","logger":"airflow.models.dagbag.BundleDagBag","filename":"dagbag.py","lineno":593}
{"timestamp":"2026-02-13T16:18:36.417483Z","level":"info","event":"Filling up the DagBag from /opt/airflow/dags/6_parallel_tasks.py","logger":"airflow.models.dagbag.BundleDagBag","filename":"dagbag.py","lineno":593}
{"timestamp":"2026-02-13T16:19:07.405186Z","level":"info","event":"Filling up the DagBag from /opt/airflow/dags/6_parallel_tasks.py","logger":"airflow.models.dagbag.BundleDagBag","filename":"dagbag.py","lineno":593}
{"timestamp":"2026-02-13T16:19:38.470150Z","level":"info","event":"Filling up the DagBag from /opt/airflow/dags/6_parallel_tasks.py","logger":"airflow.models.dagbag.BundleDagBag","filename":"dagbag.py","lineno":593}
{"timestamp":"2026-02-13T16:20:09.573806Z","level":"info","event":"Filling up the DagBag from /opt/airflow/dags/6_parallel_tasks.py","logger":"airflow.models.dagbag.BundleDagBag","filename":"dagbag.py","lineno":593}
{"timestamp":"2026-02-13T16:20:39.747577Z","level":"info","event":"Filling up the DagBag from /opt/airflow/dags/6_parallel_tasks.py","logger":"airflow.models.dagbag.BundleDagBag","filename":"dagbag.py","lineno":593}
{"timestamp":"2026-02-13T16:21:09.994392Z","level":"info","event":"Filling up the DagBag from /opt/airflow/dags/6_parallel_tasks.py","logger":"airflow.models.dagbag.BundleDagBag","filename":"dagbag.py","lineno":593}
{"timestamp":"2026-02-13T16:21:40.849731Z","level":"info","event":"Filling up the DagBag from /opt/airflow/dags/6_parallel_tasks.py","logger":"airflow.models.dagbag.BundleDagBag","filename":"dagbag.py","lineno":593}
{"timestamp":"2026-02-13T16:22:11.833438Z","level":"info","event":"Filling up the DagBag from /opt/airflow/dags/6_parallel_tasks.py","logger":"airflow.models.dagbag.BundleDagBag","filename":"dagbag.py","lineno":593}
{"timestamp":"2026-02-13T16:22:42.922331Z","level":"info","event":"Filling up the DagBag from /opt/airflow/dags/6_parallel_tasks.py","logger":"airflow.models.dagbag.BundleDagBag","filename":"dagbag.py","lineno":593}
{"timestamp":"2026-02-13T16:23:13.164887Z","level":"info","event":"Filling up the DagBag from /opt/airflow/dags/6_parallel_tasks.py","logger":"airflow.models.dagbag.BundleDagBag","filename":"dagbag.py","lineno":593}
{"timestamp":"2026-02-13T16:23:44.270615Z","level":"info","event":"Filling up the DagBag from /opt/airflow/dags/6_parallel_tasks.py","logger":"airflow.models.dagbag.BundleDagBag","filename":"dagbag.py","lineno":593}
{"timestamp":"2026-02-13T16:24:15.254247Z","level":"info","event":"Filling up the DagBag from /opt/airflow/dags/6_parallel_tasks.py","logger":"airflow.models.dagbag.BundleDagBag","filename":"dagbag.py","lineno":593}
{"timestamp":"2026-02-13T16:24:46.488265Z","level":"info","event":"Filling up the DagBag from /opt/airflow/dags/6_parallel_tasks.py","logger":"airflow.models.dagbag.BundleDagBag","filename":"dagbag.py","lineno":593}
{"timestamp":"2026-02-13T16:25:17.585243Z","level":"info","event":"Filling up the DagBag from /opt/airflow/dags/6_parallel_tasks.py","logger":"airflow.models.dagbag.BundleDagBag","filename":"dagbag.py","lineno":593}
{"timestamp":"2026-02-13T16:25:48.123004Z","level":"info","event":"Filling up the DagBag from /opt/airflow/dags/6_parallel_tasks.py","logger":"airflow.models.dagbag.BundleDagBag","filename":"dagbag.py","lineno":593}
{"timestamp":"2026-02-13T16:26:19.388827Z","level":"info","event":"Filling up the DagBag from /opt/airflow/dags/6_parallel_tasks.py","logger":"airflow.models.dagbag.BundleDagBag","filename":"dagbag.py","lineno":593}
{"timestamp":"2026-02-13T16:26:50.115954Z","level":"info","event":"Filling up the DagBag from /opt/airflow/dags/6_parallel_tasks.py","logger":"airflow.models.dagbag.BundleDagBag","filename":"dagbag.py","lineno":593}
{"timestamp":"2026-02-13T16:27:21.247676Z","level":"info","event":"Filling up the DagBag from /opt/airflow/dags/6_parallel_tasks.py","logger":"airflow.models.dagbag.BundleDagBag","filename":"dagbag.py","lineno":593}
{"timestamp":"2026-02-13T16:27:52.162224Z","level":"info","event":"Filling up the DagBag from /opt/airflow/dags/6_parallel_tasks.py","logger":"airflow.models.dagbag.BundleDagBag","filename":"dagbag.py","lineno":593}
{"timestamp":"2026-02-13T16:28:23.245509Z","level":"info","event":"Filling up the DagBag from /opt/airflow/dags/6_parallel_tasks.py","logger":"airflow.models.dagbag.BundleDagBag","filename":"dagbag.py","lineno":593}
{"timestamp":"2026-02-13T16:28:53.869081Z","level":"info","event":"Filling up the DagBag from /opt/airflow/dags/6_parallel_tasks.py","logger":"airflow.models.dagbag.BundleDagBag","filename":"dagbag.py","lineno":593}
{"timestamp":"2026-02-13T16:29:24.236001Z","level":"info","event":"Filling up the DagBag from /opt/airflow/dags/6_parallel_tasks.py","logger":"airflow.models.dagbag.BundleDagBag","filename":"dagbag.py","lineno":593}
{"timestamp":"2026-02-13T16:29:55.002741Z","level":"info","event":"Filling up the DagBag from /opt/airflow/dags/6_parallel_tasks.py","logger":"airflow.models.dagbag.BundleDagBag","filename":"dagbag.py","lineno":593}
{"timestamp":"2026-02-13T16:30:26.060043Z","level":"info","event":"Filling up the DagBag from /opt/airflow/dags/6_parallel_tasks.py","logger":"airflow.models.dagbag.BundleDagBag","filename":"dagbag.py","lineno":593}
{"timestamp":"2026-02-13T16:30:56.990650Z","level":"info","event":"Filling up the DagBag from /opt/airflow/dags/6_parallel_tasks.py","logger":"airflow.models.dagbag.BundleDagBag","filename":"dagbag.py","lineno":593}
{"timestamp":"2026-02-13T16:31:27.319418Z","level":"info","event":"Filling up the DagBag from /opt/airflow/dags/6_parallel_tasks.py","logger":"airflow.models.dagbag.BundleDagBag","filename":"dagbag.py","lineno":593}
{"timestamp":"2026-02-13T16:31:57.662283Z","level":"info","event":"Filling up the DagBag from /opt/airflow/dags/6_parallel_tasks.py","logger":"airflow.models.dagbag.BundleDagBag","filename":"dagbag.py","lineno":593}
{"timestamp":"2026-02-13T16:32:28.430240Z","level":"info","event":"Filling up the DagBag from /opt/airflow/dags/6_parallel_tasks.py","logger":"airflow.models.dagbag.BundleDagBag","filename":"dagbag.py","lineno":593}
{"timestamp":"2026-02-13T16:32:59.199947Z","level":"info","event":"Filling up the DagBag from /opt/airflow/dags/6_parallel_tasks.py","logger":"airflow.models.dagbag.BundleDagBag","filename":"dagbag.py","lineno":593}
{"timestamp":"2026-02-13T16:33:30.680814Z","level":"info","event":"Filling up the DagBag from /opt/airflow/dags/6_parallel_tasks.py","logger":"airflow.models.dagbag.BundleDagBag","filename":"dagbag.py","lineno":593}
{"timestamp":"2026-02-13T16:34:01.194313Z","level":"info","event":"Filling up the DagBag from /opt/airflow/dags/6_parallel_tasks.py","logger":"airflow.models.dagbag.BundleDagBag","filename":"dagbag.py","lineno":593}
{"timestamp":"2026-02-13T16:34:32.321806Z","level":"info","event":"Filling up the DagBag from /opt/airflow/dags/6_parallel_tasks.py","logger":"airflow.models.dagbag.BundleDagBag","filename":"dagbag.py","lineno":593}
{"timestamp":"2026-02-13T16:35:03.083493Z","level":"info","event":"Filling up the DagBag from /opt/airflow/dags/6_parallel_tasks.py","logger":"airflow.models.dagbag.BundleDagBag","filename":"dagbag.py","lineno":593}
{"timestamp":"2026-02-13T16:35:33.270623Z","level":"info","event":"Filling up the DagBag from /opt/airflow/dags/6_parallel_tasks.py","logger":"airflow.models.dagbag.BundleDagBag","filename":"dagbag.py","lineno":593}
{"timestamp":"2026-02-13T16:36:03.995443Z","level":"info","event":"Filling up the DagBag from /opt/airflow/dags/6_parallel_tasks.py","logger":"airflow.models.dagbag.BundleDagBag","filename":"dagbag.py","lineno":593}
{"timestamp":"2026-02-13T16:36:34.644819Z","level":"info","event":"Filling up the DagBag from /opt/airflow/dags/6_parallel_tasks.py","logger":"airflow.models.dagbag.BundleDagBag","filename":"dagbag.py","lineno":593}
{"timestamp":"2026-02-13T16:37:05.859707Z","level":"info","event":"Filling up the DagBag from /opt/airflow/dags/6_parallel_tasks.py","logger":"airflow.models.dagbag.BundleDagBag","filename":"dagbag.py","lineno":593}
{"timestamp":"2026-02-13T16:37:36.702671Z","level":"info","event":"Filling up the DagBag from /opt/airflow/dags/6_parallel_tasks.py","logger":"airflow.models.dagbag.BundleDagBag","filename":"dagbag.py","lineno":593}
{"timestamp":"2026-02-13T16:38:06.988314Z","level":"info","event":"Filling up the DagBag from /opt/airflow/dags/6_parallel_tasks.py","logger":"airflow.models.dagbag.BundleDagBag","filename":"dagbag.py","lineno":593}
{"timestamp":"2026-02-13T16:38:37.425450Z","level":"info","event":"Filling up the DagBag from /opt/airflow/dags/6_parallel_tasks.py","logger":"airflow.models.dagbag.BundleDagBag","filename":"dagbag.py","lineno":593}
{"timestamp":"2026-02-13T16:39:08.211980Z","level":"info","event":"Filling up the DagBag from /opt/airflow/dags/6_parallel_tasks.py","logger":"airflow.models.dagbag.BundleDagBag","filename":"dagbag.py","lineno":593}
{"timestamp":"2026-02-13T16:39:38.448319Z","level":"info","event":"Filling up the DagBag from /opt/airflow/dags/6_parallel_tasks.py","logger":"airflow.models.dagbag.BundleDagBag","filename":"dagbag.py","lineno":593}
{"timestamp":"2026-02-13T16:40:09.322257Z","level":"info","event":"Filling up the DagBag from /opt/airflow/dags/6_parallel_tasks.py","logger":"airflow.models.dagbag.BundleDagBag","filename":"dagbag.py","lineno":593}
{"timestamp":"2026-02-13T16:40:40.423359Z","level":"info","event":"Filling up the DagBag from /opt/airflow/dags/6_parallel_tasks.py","logger":"airflow.models.dagbag.BundleDagBag","filename":"dagbag.py","lineno":593}
{"timestamp":"2026-02-13T16:41:11.028473Z","level":"info","event":"Filling up the DagBag from /opt/airflow/dags/6_parallel_tasks.py","logger":"airflow.models.dagbag.BundleDagBag","filename":"dagbag.py","lineno":593}
{"timestamp":"2026-02-13T16:41:41.538384Z","level":"info","event":"Filling up the DagBag from /opt/airflow/dags/6_parallel_tasks.py","logger":"airflow.models.dagbag.BundleDagBag","filename":"dagbag.py","lineno":593}
{"timestamp":"2026-02-13T16:42:12.786618Z","level":"info","event":"Filling up the DagBag from /opt/airflow/dags/6_parallel_tasks.py","logger":"airflow.models.dagbag.BundleDagBag","filename":"dagbag.py","lineno":593}
{"timestamp":"2026-02-13T16:42:43.038469Z","level":"info","event":"Filling up the DagBag from /opt/airflow/dags/6_parallel_tasks.py","logger":"airflow.models.dagbag.BundleDagBag","filename":"dagbag.py","lineno":593}
{"timestamp":"2026-02-13T16:43:13.674239Z","level":"info","event":"Filling up the DagBag from /opt/airflow/dags/6_parallel_tasks.py","logger":"airflow.models.dagbag.BundleDagBag","filename":"dagbag.py","lineno":593}
{"timestamp":"2026-02-13T16:43:44.386564Z","level":"info","event":"Filling up the DagBag from /opt/airflow/dags/6_parallel_tasks.py","logger":"airflow.models.dagbag.BundleDagBag","filename":"dagbag.py","lineno":593}
{"timestamp":"2026-02-13T16:44:15.106324Z","level":"info","event":"Filling up the DagBag from /opt/airflow/dags/6_parallel_tasks.py","logger":"airflow.models.dagbag.BundleDagBag","filename":"dagbag.py","lineno":593}
{"timestamp":"2026-02-13T16:44:45.374823Z","level":"info","event":"Filling up the DagBag from /opt/airflow/dags/6_parallel_tasks.py","logger":"airflow.models.dagbag.BundleDagBag","filename":"dagbag.py","lineno":593}
{"timestamp":"2026-02-13T16:45:16.028001Z","level":"info","event":"Filling up the DagBag from /opt/airflow/dags/6_parallel_tasks.py","logger":"airflow.models.dagbag.BundleDagBag","filename":"dagbag.py","lineno":593}
{"timestamp":"2026-02-13T16:45:46.456593Z","level":"info","event":"Filling up the DagBag from /opt/airflow/dags/6_parallel_tasks.py","logger":"airflow.models.dagbag.BundleDagBag","filename":"dagbag.py","lineno":593}
{"timestamp":"2026-02-13T16:46:17.043074Z","level":"info","event":"Filling up the DagBag from /opt/airflow/dags/6_parallel_tasks.py","logger":"airflow.models.dagbag.BundleDagBag","filename":"dagbag.py","lineno":593}
{"timestamp":"2026-02-13T16:46:47.874819Z","level":"info","event":"Filling up the DagBag from /opt/airflow/dags/6_parallel_tasks.py","logger":"airflow.models.dagbag.BundleDagBag","filename":"dagbag.py","lineno":593}
{"timestamp":"2026-02-13T16:47:18.436339Z","level":"info","event":"Filling up the DagBag from /opt/airflow/dags/6_parallel_tasks.py","logger":"airflow.models.dagbag.BundleDagBag","filename":"dagbag.py","lineno":593}
{"timestamp":"2026-02-13T16:47:48.981785Z","level":"info","event":"Filling up the DagBag from /opt/airflow/dags/6_parallel_tasks.py","logger":"airflow.models.dagbag.BundleDagBag","filename":"dagbag.py","lineno":593}
{"timestamp":"2026-02-13T16:48:19.628742Z","level":"info","event":"Filling up the DagBag from /opt/airflow/dags/6_parallel_tasks.py","logger":"airflow.models.dagbag.BundleDagBag","filename":"dagbag.py","lineno":593}
{"timestamp":"2026-02-13T16:48:50.413175Z","level":"info","event":"Filling up the DagBag from /opt/airflow/dags/6_parallel_tasks.py","logger":"airflow.models.dagbag.BundleDagBag","filename":"dagbag.py","lineno":593}
{"timestamp":"2026-02-13T16:49:21.737383Z","level":"info","event":"Filling up the DagBag from /opt/airflow/dags/6_parallel_tasks.py","logger":"airflow.models.dagbag.BundleDagBag","filename":"dagbag.py","lineno":593}
{"timestamp":"2026-02-13T16:49:53.104056Z","level":"info","event":"Filling up the DagBag from /opt/airflow/dags/6_parallel_tasks.py","logger":"airflow.models.dagbag.BundleDagBag","filename":"dagbag.py","lineno":593}
{"timestamp":"2026-02-13T16:50:25.014180Z","level":"info","event":"Filling up the DagBag from /opt/airflow/dags/6_parallel_tasks.py","logger":"airflow.models.dagbag.BundleDagBag","filename":"dagbag.py","lineno":593}
{"timestamp":"2026-02-13T16:50:56.705903Z","level":"info","event":"Filling up the DagBag from /opt/airflow/dags/6_parallel_tasks.py","logger":"airflow.models.dagbag.BundleDagBag","filename":"dagbag.py","lineno":593}
{"timestamp":"2026-02-13T16:51:27.867076Z","level":"info","event":"Filling up the DagBag from /opt/airflow/dags/6_parallel_tasks.py","logger":"airflow.models.dagbag.BundleDagBag","filename":"dagbag.py","lineno":593}
{"timestamp":"2026-02-13T16:51:59.058557Z","level":"info","event":"Filling up the DagBag from /opt/airflow/dags/6_parallel_tasks.py","logger":"airflow.models.dagbag.BundleDagBag","filename":"dagbag.py","lineno":593}
{"timestamp":"2026-02-13T16:52:30.087363Z","level":"info","event":"Filling up the DagBag from /opt/airflow/dags/6_parallel_tasks.py","logger":"airflow.models.dagbag.BundleDagBag","filename":"dagbag.py","lineno":593}
{"timestamp":"2026-02-13T16:53:00.538400Z","level":"info","event":"Filling up the DagBag from /opt/airflow/dags/6_parallel_tasks.py","logger":"airflow.models.dagbag.BundleDagBag","filename":"dagbag.py","lineno":593}
{"timestamp":"2026-02-13T16:53:31.473429Z","level":"info","event":"Filling up the DagBag from /opt/airflow/dags/6_parallel_tasks.py","logger":"airflow.models.dagbag.BundleDagBag","filename":"dagbag.py","lineno":593}
{"timestamp":"2026-02-13T16:54:01.998378Z","level":"info","event":"Filling up the DagBag from /opt/airflow/dags/6_parallel_tasks.py","logger":"airflow.models.dagbag.BundleDagBag","filename":"dagbag.py","lineno":593}
{"timestamp":"2026-02-13T16:54:32.384754Z","level":"info","event":"Filling up the DagBag from /opt/airflow/dags/6_parallel_tasks.py","logger":"airflow.models.dagbag.BundleDagBag","filename":"dagbag.py","lineno":593}
{"timestamp":"2026-02-13T16:55:03.197850Z","level":"info","event":"Filling up the DagBag from /opt/airflow/dags/6_parallel_tasks.py","logger":"airflow.models.dagbag.BundleDagBag","filename":"dagbag.py","lineno":593}
{"timestamp":"2026-02-13T16:55:34.363722Z","level":"info","event":"Filling up the DagBag from /opt/airflow/dags/6_parallel_tasks.py","logger":"airflow.models.dagbag.BundleDagBag","filename":"dagbag.py","lineno":593}
{"timestamp":"2026-02-13T16:56:04.696081Z","level":"info","event":"Filling up the DagBag from /opt/airflow/dags/6_parallel_tasks.py","logger":"airflow.models.dagbag.BundleDagBag","filename":"dagbag.py","lineno":593}
{"timestamp":"2026-02-13T16:56:34.934678Z","level":"info","event":"Filling up the DagBag from /opt/airflow/dags/6_parallel_tasks.py","logger":"airflow.models.dagbag.BundleDagBag","filename":"dagbag.py","lineno":593}
{"timestamp":"2026-02-13T16:57:05.749644Z","level":"info","event":"Filling up the DagBag from /opt/airflow/dags/6_parallel_tasks.py","logger":"airflow.models.dagbag.BundleDagBag","filename":"dagbag.py","lineno":593}
{"timestamp":"2026-02-13T16:57:36.525039Z","level":"info","event":"Filling up the DagBag from /opt/airflow/dags/6_parallel_tasks.py","logger":"airflow.models.dagbag.BundleDagBag","filename":"dagbag.py","lineno":593}
{"timestamp":"2026-02-13T16:58:07.260671Z","level":"info","event":"Filling up the DagBag from /opt/airflow/dags/6_parallel_tasks.py","logger":"airflow.models.dagbag.BundleDagBag","filename":"dagbag.py","lineno":593}
{"timestamp":"2026-02-13T16:58:38.102528Z","level":"info","event":"Filling up the DagBag from /opt/airflow/dags/6_parallel_tasks.py","logger":"airflow.models.dagbag.BundleDagBag","filename":"dagbag.py","lineno":593}
{"timestamp":"2026-02-13T16:59:08.721631Z","level":"info","event":"Filling up the DagBag from /opt/airflow/dags/6_parallel_tasks.py","logger":"airflow.models.dagbag.BundleDagBag","filename":"dagbag.py","lineno":593}
{"timestamp":"2026-02-13T16:59:39.306724Z","level":"info","event":"Filling up the DagBag from /opt/airflow/dags/6_parallel_tasks.py","logger":"airflow.models.dagbag.BundleDagBag","filename":"dagbag.py","lineno":593}
{"timestamp":"2026-02-13T17:00:10.045286Z","level":"info","event":"Filling up the DagBag from /opt/airflow/dags/6_parallel_tasks.py","logger":"airflow.models.dagbag.BundleDagBag","filename":"dagbag.py","lineno":593}
{"timestamp":"2026-02-13T17:00:40.326011Z","level":"info","event":"Filling up the DagBag from /opt/airflow/dags/6_parallel_tasks.py","logger":"airflow.models.dagbag.BundleDagBag","filename":"dagbag.py","lineno":593}
{"timestamp":"2026-02-13T17:01:10.740805Z","level":"info","event":"Filling up the DagBag from /opt/airflow/dags/6_parallel_tasks.py","logger":"airflow.models.dagbag.BundleDagBag","filename":"dagbag.py","lineno":593}
{"timestamp":"2026-02-13T17:01:41.216989Z","level":"info","event":"Filling up the DagBag from /opt/airflow/dags/6_parallel_tasks.py","logger":"airflow.models.dagbag.BundleDagBag","filename":"dagbag.py","lineno":593}
{"timestamp":"2026-02-13T17:02:11.684258Z","level":"info","event":"Filling up the DagBag from /opt/airflow/dags/6_parallel_tasks.py","logger":"airflow.models.dagbag.BundleDagBag","filename":"dagbag.py","lineno":593}
{"timestamp":"2026-02-13T17:02:42.018983Z","level":"info","event":"Filling up the DagBag from /opt/airflow/dags/6_parallel_tasks.py","logger":"airflow.models.dagbag.BundleDagBag","filename":"dagbag.py","lineno":593}
{"timestamp":"2026-02-13T17:03:13.093825Z","level":"info","event":"Filling up the DagBag from /opt/airflow/dags/6_parallel_tasks.py","logger":"airflow.models.dagbag.BundleDagBag","filename":"dagbag.py","lineno":593}
{"timestamp":"2026-02-13T17:03:43.628364Z","level":"info","event":"Filling up the DagBag from /opt/airflow/dags/6_parallel_tasks.py","logger":"airflow.models.dagbag.BundleDagBag","filename":"dagbag.py","lineno":593}
{"timestamp":"2026-02-13T17:04:13.924404Z","level":"info","event":"Filling up the DagBag from /opt/airflow/dags/6_parallel_tasks.py","logger":"airflow.models.dagbag.BundleDagBag","filename":"dagbag.py","lineno":593}
{"timestamp":"2026-02-13T17:04:44.175984Z","level":"info","event":"Filling up the DagBag from /opt/airflow/dags/6_parallel_tasks.py","logger":"airflow.models.dagbag.BundleDagBag","filename":"dagbag.py","lineno":593}
{"timestamp":"2026-02-13T17:05:14.497621Z","level":"info","event":"Filling up the DagBag from /opt/airflow/dags/6_parallel_tasks.py","logger":"airflow.models.dagbag.BundleDagBag","filename":"dagbag.py","lineno":593}
{"timestamp":"2026-02-13T17:05:45.102802Z","level":"info","event":"Filling up the DagBag from /opt/airflow/dags/6_parallel_tasks.py","logger":"airflow.models.dagbag.BundleDagBag","filename":"dagbag.py","lineno":593}
{"timestamp":"2026-02-13T17:06:15.696174Z","level":"info","event":"Filling up the DagBag from /opt/airflow/dags/6_parallel_tasks.py","logger":"airflow.models.dagbag.BundleDagBag","filename":"dagbag.py","lineno":593}
{"timestamp":"2026-02-13T17:06:46.391651Z","level":"info","event":"Filling up the DagBag from /opt/airflow/dags/6_parallel_tasks.py","logger":"airflow.models.dagbag.BundleDagBag","filename":"dagbag.py","lineno":593}
{"timestamp":"2026-02-13T17:07:16.824590Z","level":"info","event":"Filling up the DagBag from /opt/airflow/dags/6_parallel_tasks.py","logger":"airflow.models.dagbag.BundleDagBag","filename":"dagbag.py","lineno":593}
{"timestamp":"2026-02-13T17:07:47.626909Z","level":"info","event":"Filling up the DagBag from /opt/airflow/dags/6_parallel_tasks.py","logger":"airflow.models.dagbag.BundleDagBag","filename":"dagbag.py","lineno":593}
{"timestamp":"2026-02-13T17:08:17.852458Z","level":"info","event":"Filling up the DagBag from /opt/airflow/dags/6_parallel_tasks.py","logger":"airflow.models.dagbag.BundleDagBag","filename":"dagbag.py","lineno":593}
{"timestamp":"2026-02-13T17:08:54.969785Z","level":"info","event":"Filling up the DagBag from /opt/airflow/dags/6_parallel_tasks.py","logger":"airflow.models.dagbag.BundleDagBag","filename":"dagbag.py","lineno":593}
{"timestamp":"2026-02-13T17:09:26.065662Z","level":"info","event":"Filling up the DagBag from /opt/airflow/dags/6_parallel_tasks.py","logger":"airflow.models.dagbag.BundleDagBag","filename":"dagbag.py","lineno":593}
{"timestamp":"2026-02-13T17:11:41.085346Z","level":"info","event":"Filling up the DagBag from /opt/airflow/dags/6_parallel_tasks.py","logger":"airflow.models.dagbag.BundleDagBag","filename":"dagbag.py","lineno":593}
{"timestamp":"2026-02-13T17:12:11.607286Z","level":"info","event":"Filling up the DagBag from /opt/airflow/dags/6_parallel_tasks.py","logger":"airflow.models.dagbag.BundleDagBag","filename":"dagbag.py","lineno":593}
{"timestamp":"2026-02-13T17:12:42.773991Z","level":"info","event":"Filling up the DagBag from /opt/airflow/dags/6_parallel_tasks.py","logger":"airflow.models.dagbag.BundleDagBag","filename":"dagbag.py","lineno":593}
{"timestamp":"2026-02-13T17:13:15.851552Z","level":"info","event":"Filling up the DagBag from /opt/airflow/dags/6_parallel_tasks.py","logger":"airflow.models.dagbag.BundleDagBag","filename":"dagbag.py","lineno":593}
{"timestamp":"2026-02-13T17:13:46.311533Z","level":"info","event":"Filling up the DagBag from /opt/airflow/dags/6_parallel_tasks.py","logger":"airflow.models.dagbag.BundleDagBag","filename":"dagbag.py","lineno":593}
{"timestamp":"2026-02-13T17:14:17.266730Z","level":"info","event":"Filling up the DagBag from /opt/airflow/dags/6_parallel_tasks.py","logger":"airflow.models.dagbag.BundleDagBag","filename":"dagbag.py","lineno":593}
{"timestamp":"2026-02-13T17:14:47.570237Z","level":"info","event":"Filling up the DagBag from /opt/airflow/dags/6_parallel_tasks.py","logger":"airflow.models.dagbag.BundleDagBag","filename":"dagbag.py","lineno":593}
{"timestamp":"2026-02-13T17:15:18.133612Z","level":"info","event":"Filling up the DagBag from /opt/airflow/dags/6_parallel_tasks.py","logger":"airflow.models.dagbag.BundleDagBag","filename":"dagbag.py","lineno":593}
{"timestamp":"2026-02-13T17:15:48.671021Z","level":"info","event":"Filling up the DagBag from /opt/airflow/dags/6_parallel_tasks.py","logger":"airflow.models.dagbag.BundleDagBag","filename":"dagbag.py","lineno":593}
{"timestamp":"2026-02-13T17:16:19.363813Z","level":"info","event":"Filling up the DagBag from /opt/airflow/dags/6_parallel_tasks.py","logger":"airflow.models.dagbag.BundleDagBag","filename":"dagbag.py","lineno":593}
{"timestamp":"2026-02-13T17:16:50.493482Z","level":"info","event":"Filling up the DagBag from /opt/airflow/dags/6_parallel_tasks.py","logger":"airflow.models.dagbag.BundleDagBag","filename":"dagbag.py","lineno":593}
{"timestamp":"2026-02-13T17:17:21.368908Z","level":"info","event":"Filling up the DagBag from /opt/airflow/dags/6_parallel_tasks.py","logger":"airflow.models.dagbag.BundleDagBag","filename":"dagbag.py","lineno":593}
{"timestamp":"2026-02-13T17:17:51.776315Z","level":"info","event":"Filling up the DagBag from /opt/airflow/dags/6_parallel_tasks.py","logger":"airflow.models.dagbag.BundleDagBag","filename":"dagbag.py","lineno":593}
{"timestamp":"2026-02-13T17:18:22.284603Z","level":"info","event":"Filling up the DagBag from /opt/airflow/dags/6_parallel_tasks.py","logger":"airflow.models.dagbag.BundleDagBag","filename":"dagbag.py","lineno":593}
{"timestamp":"2026-02-13T17:18:52.679130Z","level":"info","event":"Filling up the DagBag from /opt/airflow/dags/6_parallel_tasks.py","logger":"airflow.models.dagbag.BundleDagBag","filename":"dagbag.py","lineno":593}
{"timestamp":"2026-02-13T17:19:22.912737Z","level":"info","event":"Filling up the DagBag from /opt/airflow/dags/6_parallel_tasks.py","logger":"airflow.models.dagbag.BundleDagBag","filename":"dagbag.py","lineno":593}
{"timestamp":"2026-02-13T17:19:53.871987Z","level":"info","event":"Filling up the DagBag from /opt/airflow/dags/6_parallel_tasks.py","logger":"airflow.models.dagbag.BundleDagBag","filename":"dagbag.py","lineno":593}
{"timestamp":"2026-02-13T17:20:24.499435Z","level":"info","event":"Filling up the DagBag from /opt/airflow/dags/6_parallel_tasks.py","logger":"airflow.models.dagbag.BundleDagBag","filename":"dagbag.py","lineno":593}
{"timestamp":"2026-02-13T17:20:57.125039Z","level":"info","event":"Filling up the DagBag from /opt/airflow/dags/6_parallel_tasks.py","logger":"airflow.models.dagbag.BundleDagBag","filename":"dagbag.py","lineno":593}
{"timestamp":"2026-02-13T17:21:28.760041Z","level":"info","event":"Filling up the DagBag from /opt/airflow/dags/6_parallel_tasks.py","logger":"airflow.models.dagbag.BundleDagBag","filename":"dagbag.py","lineno":593}
{"timestamp":"2026-02-13T17:21:59.870902Z","level":"info","event":"Filling up the DagBag from /opt/airflow/dags/6_parallel_tasks.py","logger":"airflow.models.dagbag.BundleDagBag","filename":"dagbag.py","lineno":593}
{"timestamp":"2026-02-13T17:22:30.714756Z","level":"info","event":"Filling up the DagBag from /opt/airflow/dags/6_parallel_tasks.py","logger":"airflow.models.dagbag.BundleDagBag","filename":"dagbag.py","lineno":593}
{"timestamp":"2026-02-13T17:23:00.812548Z","level":"info","event":"Filling up the DagBag from /opt/airflow/dags/6_parallel_tasks.py","logger":"airflow.models.dagbag.BundleDagBag","filename":"dagbag.py","lineno":593}
{"timestamp":"2026-02-13T17:23:31.543335Z","level":"info","event":"Filling up the DagBag from /opt/airflow/dags/6_parallel_tasks.py","logger":"airflow.models.dagbag.BundleDagBag","filename":"dagbag.py","lineno":593}
{"timestamp":"2026-02-13T17:24:02.018640Z","level":"info","event":"Filling up the DagBag from /opt/airflow/dags/6_parallel_tasks.py","logger":"airflow.models.dagbag.BundleDagBag","filename":"dagbag.py","lineno":593}
{"timestamp":"2026-02-13T17:24:32.693539Z","level":"info","event":"Filling up the DagBag from /opt/airflow/dags/6_parallel_tasks.py","logger":"airflow.models.dagbag.BundleDagBag","filename":"dagbag.py","lineno":593}
{"timestamp":"2026-02-13T17:25:03.693434Z","level":"info","event":"Filling up the DagBag from /opt/airflow/dags/6_parallel_tasks.py","logger":"airflow.models.dagbag.BundleDagBag","filename":"dagbag.py","lineno":593}
{"timestamp":"2026-02-13T17:25:34.792426Z","level":"info","event":"Filling up the DagBag from /opt/airflow/dags/6_parallel_tasks.py","logger":"airflow.models.dagbag.BundleDagBag","filename":"dagbag.py","lineno":593}
{"timestamp":"2026-02-13T17:26:05.063897Z","level":"info","event":"Filling up the DagBag from /opt/airflow/dags/6_parallel_tasks.py","logger":"airflow.models.dagbag.BundleDagBag","filename":"dagbag.py","lineno":593}
